2019-10-10 10:08:54 [scrapy.utils.log] INFO: Scrapy 1.7.2 started (bot: py_spiders)
2019-10-10 10:08:54 [scrapy.utils.log] INFO: Versions: lxml 4.3.4.0, libxml2 2.9.9, cssselect 1.0.3, parsel 1.5.1, w3lib 1.20.0, Twisted 19.2.1, Python 3.7.4 (default, Jul  9 2019, 18:14:44) - [Clang 9.0.0 (clang-900.0.39.2)], pyOpenSSL 19.0.0 (OpenSSL 1.1.1c  28 May 2019), cryptography 2.7, Platform Darwin-16.7.0-x86_64-i386-64bit
2019-10-10 10:08:54 [scrapy.crawler] INFO: Overridden settings: {'BOT_NAME': 'py_spiders', 'LOG_FILE': 'spider.log', 'LOG_LEVEL': 'INFO', 'NEWSPIDER_MODULE': 'py_spiders.spiders', 'SPIDER_MODULES': ['py_spiders.spiders'], 'USER_AGENT': 'Mozilla/5.0 (Windows NT 10.0; WOW64) AppleWebKit/537.36 (KHTML, like Gecko) Chrome/69.0.3493.3 Safari/537.36'}
2019-10-10 10:08:54 [scrapy.extensions.telnet] INFO: Telnet Password: a75a1d4ac6843405
2019-10-10 10:08:54 [scrapy.middleware] INFO: Enabled extensions:
['scrapy.extensions.corestats.CoreStats',
 'scrapy.extensions.telnet.TelnetConsole',
 'scrapy.extensions.memusage.MemoryUsage',
 'scrapy.extensions.logstats.LogStats']
2019-10-10 10:09:06 [fake_useragent] WARNING: Error occurred during loading data. Trying to use cache server https://fake-useragent.herokuapp.com/browsers/0.1.11
Traceback (most recent call last):
  File "/usr/local/Cellar/python/3.7.4/Frameworks/Python.framework/Versions/3.7/lib/python3.7/urllib/request.py", line 1317, in do_open
    encode_chunked=req.has_header('Transfer-encoding'))
  File "/usr/local/Cellar/python/3.7.4/Frameworks/Python.framework/Versions/3.7/lib/python3.7/http/client.py", line 1244, in request
    self._send_request(method, url, body, headers, encode_chunked)
  File "/usr/local/Cellar/python/3.7.4/Frameworks/Python.framework/Versions/3.7/lib/python3.7/http/client.py", line 1290, in _send_request
    self.endheaders(body, encode_chunked=encode_chunked)
  File "/usr/local/Cellar/python/3.7.4/Frameworks/Python.framework/Versions/3.7/lib/python3.7/http/client.py", line 1239, in endheaders
    self._send_output(message_body, encode_chunked=encode_chunked)
  File "/usr/local/Cellar/python/3.7.4/Frameworks/Python.framework/Versions/3.7/lib/python3.7/http/client.py", line 1026, in _send_output
    self.send(msg)
  File "/usr/local/Cellar/python/3.7.4/Frameworks/Python.framework/Versions/3.7/lib/python3.7/http/client.py", line 966, in send
    self.connect()
  File "/usr/local/Cellar/python/3.7.4/Frameworks/Python.framework/Versions/3.7/lib/python3.7/http/client.py", line 1406, in connect
    super().connect()
  File "/usr/local/Cellar/python/3.7.4/Frameworks/Python.framework/Versions/3.7/lib/python3.7/http/client.py", line 938, in connect
    (self.host,self.port), self.timeout, self.source_address)
  File "/usr/local/Cellar/python/3.7.4/Frameworks/Python.framework/Versions/3.7/lib/python3.7/socket.py", line 727, in create_connection
    raise err
  File "/usr/local/Cellar/python/3.7.4/Frameworks/Python.framework/Versions/3.7/lib/python3.7/socket.py", line 716, in create_connection
    sock.connect(sa)
socket.timeout: timed out

During handling of the above exception, another exception occurred:

Traceback (most recent call last):
  File "/usr/local/lib/python3.7/site-packages/fake_useragent/utils.py", line 67, in get
    context=context,
  File "/usr/local/Cellar/python/3.7.4/Frameworks/Python.framework/Versions/3.7/lib/python3.7/urllib/request.py", line 222, in urlopen
    return opener.open(url, data, timeout)
  File "/usr/local/Cellar/python/3.7.4/Frameworks/Python.framework/Versions/3.7/lib/python3.7/urllib/request.py", line 525, in open
    response = self._open(req, data)
  File "/usr/local/Cellar/python/3.7.4/Frameworks/Python.framework/Versions/3.7/lib/python3.7/urllib/request.py", line 543, in _open
    '_open', req)
  File "/usr/local/Cellar/python/3.7.4/Frameworks/Python.framework/Versions/3.7/lib/python3.7/urllib/request.py", line 503, in _call_chain
    result = func(*args)
  File "/usr/local/Cellar/python/3.7.4/Frameworks/Python.framework/Versions/3.7/lib/python3.7/urllib/request.py", line 1360, in https_open
    context=self._context, check_hostname=self._check_hostname)
  File "/usr/local/Cellar/python/3.7.4/Frameworks/Python.framework/Versions/3.7/lib/python3.7/urllib/request.py", line 1319, in do_open
    raise URLError(err)
urllib.error.URLError: <urlopen error timed out>

During handling of the above exception, another exception occurred:

Traceback (most recent call last):
  File "/usr/local/lib/python3.7/site-packages/fake_useragent/utils.py", line 154, in load
    for item in get_browsers(verify_ssl=verify_ssl):
  File "/usr/local/lib/python3.7/site-packages/fake_useragent/utils.py", line 97, in get_browsers
    html = get(settings.BROWSERS_STATS_PAGE, verify_ssl=verify_ssl)
  File "/usr/local/lib/python3.7/site-packages/fake_useragent/utils.py", line 84, in get
    raise FakeUserAgentError('Maximum amount of retries reached')
fake_useragent.errors.FakeUserAgentError: Maximum amount of retries reached
2019-10-10 10:09:10 [scrapy.middleware] INFO: Enabled downloader middlewares:
['py_spiders.middlewares.RandomUserAgentMiddlware',
 'scrapy.downloadermiddlewares.httpauth.HttpAuthMiddleware',
 'scrapy.downloadermiddlewares.downloadtimeout.DownloadTimeoutMiddleware',
 'scrapy.downloadermiddlewares.defaultheaders.DefaultHeadersMiddleware',
 'scrapy.downloadermiddlewares.useragent.UserAgentMiddleware',
 'py_spiders.middlewares.PySpidersDownloaderMiddleware',
 'scrapy.downloadermiddlewares.retry.RetryMiddleware',
 'scrapy.downloadermiddlewares.redirect.MetaRefreshMiddleware',
 'scrapy.downloadermiddlewares.httpcompression.HttpCompressionMiddleware',
 'scrapy.downloadermiddlewares.redirect.RedirectMiddleware',
 'scrapy.downloadermiddlewares.cookies.CookiesMiddleware',
 'scrapy.downloadermiddlewares.httpproxy.HttpProxyMiddleware',
 'scrapy.downloadermiddlewares.stats.DownloaderStats']
2019-10-10 10:09:10 [scrapy.middleware] INFO: Enabled spider middlewares:
['scrapy.spidermiddlewares.httperror.HttpErrorMiddleware',
 'scrapy.spidermiddlewares.offsite.OffsiteMiddleware',
 'scrapy.spidermiddlewares.referer.RefererMiddleware',
 'scrapy.spidermiddlewares.urllength.UrlLengthMiddleware',
 'scrapy.spidermiddlewares.depth.DepthMiddleware']
2019-10-10 10:09:10 [scrapy.middleware] INFO: Enabled item pipelines:
['py_spiders.pipelines.A79taoSqlPipeline']
2019-10-10 10:09:10 [scrapy.core.engine] INFO: Spider opened
2019-10-10 10:09:10 [scrapy.extensions.logstats] INFO: Crawled 0 pages (at 0 pages/min), scraped 0 items (at 0 items/min)
2019-10-10 10:09:10 [79tao] INFO: Spider opened: 79tao
2019-10-10 10:09:10 [scrapy.extensions.telnet] INFO: Telnet console listening on 127.0.0.1:6023
2019-10-10 10:09:11 [scrapy.spidermiddlewares.httperror] INFO: Ignoring response <404 http://www.79tao.com/http://www.79tao.com/thread-893536-1-1.html>: HTTP status code is not handled or not allowed
2019-10-10 10:09:11 [scrapy.spidermiddlewares.httperror] INFO: Ignoring response <404 http://www.79tao.com/http://www.79tao.com/thread-893525-1-1.html>: HTTP status code is not handled or not allowed
2019-10-10 10:09:11 [scrapy.spidermiddlewares.httperror] INFO: Ignoring response <404 http://www.79tao.com/http://www.79tao.com/thread-893518-1-1.html>: HTTP status code is not handled or not allowed
2019-10-10 10:09:11 [scrapy.spidermiddlewares.httperror] INFO: Ignoring response <404 http://www.79tao.com/http://www.79tao.com/thread-893520-1-1.html>: HTTP status code is not handled or not allowed
2019-10-10 10:09:11 [scrapy.spidermiddlewares.httperror] INFO: Ignoring response <404 http://www.79tao.com/http://www.79tao.com/thread-893521-1-1.html>: HTTP status code is not handled or not allowed
2019-10-10 10:09:11 [scrapy.spidermiddlewares.httperror] INFO: Ignoring response <404 http://www.79tao.com/http://www.79tao.com/thread-893519-1-1.html>: HTTP status code is not handled or not allowed
2019-10-10 10:09:11 [scrapy.spidermiddlewares.httperror] INFO: Ignoring response <404 http://www.79tao.com/http://www.79tao.com/thread-893526-1-1.html>: HTTP status code is not handled or not allowed
2019-10-10 10:09:11 [scrapy.spidermiddlewares.httperror] INFO: Ignoring response <404 http://www.79tao.com/http://www.79tao.com/thread-893524-1-1.html>: HTTP status code is not handled or not allowed
2019-10-10 10:09:11 [scrapy.spidermiddlewares.httperror] INFO: Ignoring response <404 http://www.79tao.com/http://www.79tao.com/thread-893523-1-1.html>: HTTP status code is not handled or not allowed
2019-10-10 10:09:11 [scrapy.spidermiddlewares.httperror] INFO: Ignoring response <404 http://www.79tao.com/http://www.79tao.com/thread-893522-1-1.html>: HTTP status code is not handled or not allowed
2019-10-10 10:09:11 [scrapy.spidermiddlewares.httperror] INFO: Ignoring response <404 http://www.79tao.com/http://www.79tao.com/thread-893527-1-1.html>: HTTP status code is not handled or not allowed
2019-10-10 10:09:11 [scrapy.spidermiddlewares.httperror] INFO: Ignoring response <404 http://www.79tao.com/http://www.79tao.com/thread-893528-1-1.html>: HTTP status code is not handled or not allowed
2019-10-10 10:09:11 [scrapy.spidermiddlewares.httperror] INFO: Ignoring response <404 http://www.79tao.com/http://www.79tao.com/thread-893532-1-1.html>: HTTP status code is not handled or not allowed
2019-10-10 10:09:11 [scrapy.spidermiddlewares.httperror] INFO: Ignoring response <404 http://www.79tao.com/http://www.79tao.com/thread-893529-1-1.html>: HTTP status code is not handled or not allowed
2019-10-10 10:09:11 [scrapy.spidermiddlewares.httperror] INFO: Ignoring response <404 http://www.79tao.com/http://www.79tao.com/thread-893530-1-1.html>: HTTP status code is not handled or not allowed
2019-10-10 10:09:11 [scrapy.spidermiddlewares.httperror] INFO: Ignoring response <404 http://www.79tao.com/http://www.79tao.com/thread-893531-1-1.html>: HTTP status code is not handled or not allowed
2019-10-10 10:09:11 [scrapy.spidermiddlewares.httperror] INFO: Ignoring response <404 http://www.79tao.com/http://www.79tao.com/thread-893487-1-1.html>: HTTP status code is not handled or not allowed
2019-10-10 10:09:11 [scrapy.spidermiddlewares.httperror] INFO: Ignoring response <404 http://www.79tao.com/http://www.79tao.com/thread-893488-1-1.html>: HTTP status code is not handled or not allowed
2019-10-10 10:09:11 [scrapy.spidermiddlewares.httperror] INFO: Ignoring response <404 http://www.79tao.com/http://www.79tao.com/thread-893489-1-1.html>: HTTP status code is not handled or not allowed
2019-10-10 10:09:11 [scrapy.spidermiddlewares.httperror] INFO: Ignoring response <404 http://www.79tao.com/http://www.79tao.com/thread-893490-1-1.html>: HTTP status code is not handled or not allowed
2019-10-10 10:09:11 [scrapy.spidermiddlewares.httperror] INFO: Ignoring response <404 http://www.79tao.com/http://www.79tao.com/thread-893492-1-1.html>: HTTP status code is not handled or not allowed
2019-10-10 10:09:11 [scrapy.spidermiddlewares.httperror] INFO: Ignoring response <404 http://www.79tao.com/http://www.79tao.com/thread-893493-1-1.html>: HTTP status code is not handled or not allowed
2019-10-10 10:09:11 [scrapy.spidermiddlewares.httperror] INFO: Ignoring response <404 http://www.79tao.com/http://www.79tao.com/thread-893494-1-1.html>: HTTP status code is not handled or not allowed
2019-10-10 10:09:11 [scrapy.spidermiddlewares.httperror] INFO: Ignoring response <404 http://www.79tao.com/http://www.79tao.com/thread-893491-1-1.html>: HTTP status code is not handled or not allowed
2019-10-10 10:09:11 [scrapy.spidermiddlewares.httperror] INFO: Ignoring response <404 http://www.79tao.com/http://www.79tao.com/thread-893495-1-1.html>: HTTP status code is not handled or not allowed
2019-10-10 10:09:11 [scrapy.spidermiddlewares.httperror] INFO: Ignoring response <404 http://www.79tao.com/http://www.79tao.com/thread-893496-1-1.html>: HTTP status code is not handled or not allowed
2019-10-10 10:09:11 [scrapy.spidermiddlewares.httperror] INFO: Ignoring response <404 http://www.79tao.com/http://www.79tao.com/thread-893497-1-1.html>: HTTP status code is not handled or not allowed
2019-10-10 10:09:11 [scrapy.spidermiddlewares.httperror] INFO: Ignoring response <404 http://www.79tao.com/http://www.79tao.com/thread-893499-1-1.html>: HTTP status code is not handled or not allowed
2019-10-10 10:09:11 [scrapy.spidermiddlewares.httperror] INFO: Ignoring response <404 http://www.79tao.com/http://www.79tao.com/thread-893500-1-1.html>: HTTP status code is not handled or not allowed
2019-10-10 10:09:11 [scrapy.spidermiddlewares.httperror] INFO: Ignoring response <404 http://www.79tao.com/http://www.79tao.com/thread-893502-1-1.html>: HTTP status code is not handled or not allowed
2019-10-10 10:09:11 [scrapy.spidermiddlewares.httperror] INFO: Ignoring response <404 http://www.79tao.com/http://www.79tao.com/thread-893498-1-1.html>: HTTP status code is not handled or not allowed
2019-10-10 10:09:11 [scrapy.spidermiddlewares.httperror] INFO: Ignoring response <404 http://www.79tao.com/http://www.79tao.com/thread-893501-1-1.html>: HTTP status code is not handled or not allowed
2019-10-10 10:09:11 [scrapy.spidermiddlewares.httperror] INFO: Ignoring response <404 http://www.79tao.com/http://www.79tao.com/thread-893503-1-1.html>: HTTP status code is not handled or not allowed
2019-10-10 10:09:11 [scrapy.spidermiddlewares.httperror] INFO: Ignoring response <404 http://www.79tao.com/http://www.79tao.com/thread-893506-1-1.html>: HTTP status code is not handled or not allowed
2019-10-10 10:09:11 [scrapy.spidermiddlewares.httperror] INFO: Ignoring response <404 http://www.79tao.com/http://www.79tao.com/thread-893507-1-1.html>: HTTP status code is not handled or not allowed
2019-10-10 10:09:11 [scrapy.spidermiddlewares.httperror] INFO: Ignoring response <404 http://www.79tao.com/http://www.79tao.com/thread-893505-1-1.html>: HTTP status code is not handled or not allowed
2019-10-10 10:09:11 [scrapy.spidermiddlewares.httperror] INFO: Ignoring response <404 http://www.79tao.com/http://www.79tao.com/thread-893504-1-1.html>: HTTP status code is not handled or not allowed
2019-10-10 10:09:11 [scrapy.spidermiddlewares.httperror] INFO: Ignoring response <404 http://www.79tao.com/http://www.79tao.com/thread-893509-1-1.html>: HTTP status code is not handled or not allowed
2019-10-10 10:09:11 [scrapy.spidermiddlewares.httperror] INFO: Ignoring response <404 http://www.79tao.com/http://www.79tao.com/thread-893508-1-1.html>: HTTP status code is not handled or not allowed
2019-10-10 10:09:11 [scrapy.spidermiddlewares.httperror] INFO: Ignoring response <404 http://www.79tao.com/http://www.79tao.com/thread-893512-1-1.html>: HTTP status code is not handled or not allowed
2019-10-10 10:09:11 [scrapy.spidermiddlewares.httperror] INFO: Ignoring response <404 http://www.79tao.com/http://www.79tao.com/thread-893514-1-1.html>: HTTP status code is not handled or not allowed
2019-10-10 10:09:11 [scrapy.spidermiddlewares.httperror] INFO: Ignoring response <404 http://www.79tao.com/http://www.79tao.com/thread-893510-1-1.html>: HTTP status code is not handled or not allowed
2019-10-10 10:09:11 [scrapy.spidermiddlewares.httperror] INFO: Ignoring response <404 http://www.79tao.com/http://www.79tao.com/thread-893515-1-1.html>: HTTP status code is not handled or not allowed
2019-10-10 10:09:11 [scrapy.spidermiddlewares.httperror] INFO: Ignoring response <404 http://www.79tao.com/http://www.79tao.com/thread-893511-1-1.html>: HTTP status code is not handled or not allowed
2019-10-10 10:09:11 [scrapy.spidermiddlewares.httperror] INFO: Ignoring response <404 http://www.79tao.com/http://www.79tao.com/thread-893516-1-1.html>: HTTP status code is not handled or not allowed
2019-10-10 10:09:11 [scrapy.spidermiddlewares.httperror] INFO: Ignoring response <404 http://www.79tao.com/http://www.79tao.com/thread-893513-1-1.html>: HTTP status code is not handled or not allowed
2019-10-10 10:09:11 [scrapy.spidermiddlewares.httperror] INFO: Ignoring response <404 http://www.79tao.com/http://www.79tao.com/thread-893533-1-1.html>: HTTP status code is not handled or not allowed
2019-10-10 10:09:11 [scrapy.spidermiddlewares.httperror] INFO: Ignoring response <404 http://www.79tao.com/http://www.79tao.com/thread-893534-1-1.html>: HTTP status code is not handled or not allowed
2019-10-10 10:09:11 [scrapy.spidermiddlewares.httperror] INFO: Ignoring response <404 http://www.79tao.com/http://www.79tao.com/thread-893535-1-1.html>: HTTP status code is not handled or not allowed
2019-10-10 10:09:11 [scrapy.spidermiddlewares.httperror] INFO: Ignoring response <404 http://www.79tao.com/http://www.79tao.com/thread-893517-1-1.html>: HTTP status code is not handled or not allowed
2019-10-10 10:09:11 [scrapy.core.engine] INFO: Closing spider (finished)
2019-10-10 10:09:11 [scrapy.statscollectors] INFO: Dumping Scrapy stats:
{'downloader/request_bytes': 26970,
 'downloader/request_count': 51,
 'downloader/request_method_count/GET': 51,
 'downloader/response_bytes': 43084,
 'downloader/response_count': 51,
 'downloader/response_status_count/200': 1,
 'downloader/response_status_count/404': 50,
 'elapsed_time_seconds': 0.994188,
 'finish_reason': 'finished',
 'finish_time': datetime.datetime(2019, 10, 10, 2, 9, 11, 539869),
 'httperror/response_ignored_count': 50,
 'httperror/response_ignored_status_count/404': 50,
 'log_count/INFO': 61,
 'log_count/WARNING': 1,
 'memusage/max': 63090688,
 'memusage/startup': 63090688,
 'request_depth_max': 1,
 'response_received_count': 51,
 'scheduler/dequeued': 51,
 'scheduler/dequeued/memory': 51,
 'scheduler/enqueued': 51,
 'scheduler/enqueued/memory': 51,
 'start_time': datetime.datetime(2019, 10, 10, 2, 9, 10, 545681)}
2019-10-10 10:09:11 [scrapy.core.engine] INFO: Spider closed (finished)
